# JRE version: Java(TM) SE Runtime Environment (7.0_55-b13) (build 1.7.0_55-b13)
# Java VM: Java HotSpot(TM) 64-Bit Server VM (24.55-b03 mixed mode linux-amd64 compressed oops)
Heap
 PSYoungGen      total 116736K, used 0K [0x00000000f5500000, 0x0000000100000000, 0x0000000100000000)
  eden space 58368K, 0% used [0x00000000f5500000,0x00000000f5500000,0x00000000f8e00000)
  from space 58368K, 0% used [0x00000000f8e00000,0x00000000f8e00000,0x00000000fc700000)
  to   space 58368K, 0% used [0x00000000fc700000,0x00000000fc700000,0x0000000100000000)
 ParOldGen       total 216576K, used 202235K [0x00000000e0000000, 0x00000000ed380000, 0x00000000f5500000)
  object space 216576K, 93% used [0x00000000e0000000,0x00000000ec57ee40,0x00000000ed380000)
 PSPermGen       total 33792K, used 25800K [0x00000000dae00000, 0x00000000dcf00000, 0x00000000e0000000)
  object space 33792K, 76% used [0x00000000dae00000,0x00000000dc732008,0x00000000dcf00000)
GC Heap History (10 events):
Event: 122,916 GC heap after
Heap after GC invocations=46 (full 3):
 PSYoungGen      total 118272K, used 52434K [0x00000000f5500000, 0x0000000100000000, 0x0000000100000000)
  eden space 65536K, 0% used [0x00000000f5500000,0x00000000f5500000,0x00000000f9500000)
  from space 52736K, 99% used [0x00000000f9500000,0x00000000fc834968,0x00000000fc880000)
  to   space 56832K, 0% used [0x00000000fc880000,0x00000000fc880000,0x0000000100000000)
 ParOldGen       total 216576K, used 128806K [0x00000000e0000000, 0x00000000ed380000, 0x00000000f5500000)
  object space 216576K, 59% used [0x00000000e0000000,0x00000000e7dc99a8,0x00000000ed380000)
 PSPermGen       total 33792K, used 25330K [0x00000000dae00000, 0x00000000dcf00000, 0x00000000e0000000)
  object space 33792K, 74% used [0x00000000dae00000,0x00000000dc6bc830,0x00000000dcf00000)
}
Event: 123,782 GC heap before
{Heap before GC invocations=47 (full 3):
 PSYoungGen      total 118272K, used 117970K [0x00000000f5500000, 0x0000000100000000, 0x0000000100000000)
  eden space 65536K, 100% used [0x00000000f5500000,0x00000000f9500000,0x00000000f9500000)
  from space 52736K, 99% used [0x00000000f9500000,0x00000000fc834968,0x00000000fc880000)
  to   space 56832K, 0% used [0x00000000fc880000,0x00000000fc880000,0x0000000100000000)
 ParOldGen       total 216576K, used 128806K [0x00000000e0000000, 0x00000000ed380000, 0x00000000f5500000)
  object space 216576K, 59% used [0x00000000e0000000,0x00000000e7dc99a8,0x00000000ed380000)
 PSPermGen       total 33792K, used 25575K [0x00000000dae00000, 0x00000000dcf00000, 0x00000000e0000000)
  object space 33792K, 75% used [0x00000000dae00000,0x00000000dc6f9de0,0x00000000dcf00000)
Event: 123,855 GC heap after
Heap after GC invocations=47 (full 3):
 PSYoungGen      total 115200K, used 56806K [0x00000000f5500000, 0x0000000100000000, 0x0000000100000000)
  eden space 58368K, 0% used [0x00000000f5500000,0x00000000f5500000,0x00000000f8e00000)
  from space 56832K, 99% used [0x00000000fc880000,0x00000000ffff9988,0x0000000100000000)
  to   space 58368K, 0% used [0x00000000f8e00000,0x00000000f8e00000,0x00000000fc700000)
 ParOldGen       total 216576K, used 141347K [0x00000000e0000000, 0x00000000ed380000, 0x00000000f5500000)
  object space 216576K, 65% used [0x00000000e0000000,0x00000000e8a08de0,0x00000000ed380000)
 PSPermGen       total 33792K, used 25575K [0x00000000dae00000, 0x00000000dcf00000, 0x00000000e0000000)
  object space 33792K, 75% used [0x00000000dae00000,0x00000000dc6f9de0,0x00000000dcf00000)
}
Event: 124,237 GC heap before
{Heap before GC invocations=48 (full 3):
 PSYoungGen      total 115200K, used 115174K [0x00000000f5500000, 0x0000000100000000, 0x0000000100000000)
  eden space 58368K, 100% used [0x00000000f5500000,0x00000000f8e00000,0x00000000f8e00000)
  from space 56832K, 99% used [0x00000000fc880000,0x00000000ffff9988,0x0000000100000000)
  to   space 58368K, 0% used [0x00000000f8e00000,0x00000000f8e00000,0x00000000fc700000)
 ParOldGen       total 216576K, used 141347K [0x00000000e0000000, 0x00000000ed380000, 0x00000000f5500000)
  object space 216576K, 65% used [0x00000000e0000000,0x00000000e8a08de0,0x00000000ed380000)
 PSPermGen       total 33792K, used 25661K [0x00000000dae00000, 0x00000000dcf00000, 0x00000000e0000000)
  object space 33792K, 75% used [0x00000000dae00000,0x00000000dc70f4e8,0x00000000dcf00000)
Event: 124,343 GC heap after
Heap after GC invocations=48 (full 3):
 PSYoungGen      total 116736K, used 58365K [0x00000000f5500000, 0x0000000100000000, 0x0000000100000000)
  eden space 58368K, 0% used [0x00000000f5500000,0x00000000f5500000,0x00000000f8e00000)
  from space 58368K, 99% used [0x00000000f8e00000,0x00000000fc6ff788,0x00000000fc700000)
  to   space 58368K, 0% used [0x00000000fc700000,0x00000000fc700000,0x0000000100000000)
 ParOldGen       total 216576K, used 158777K [0x00000000e0000000, 0x00000000ed380000, 0x00000000f5500000)
  object space 216576K, 73% used [0x00000000e0000000,0x00000000e9b0e5f8,0x00000000ed380000)
 PSPermGen       total 33792K, used 25661K [0x00000000dae00000, 0x00000000dcf00000, 0x00000000e0000000)
  object space 33792K, 75% used [0x00000000dae00000,0x00000000dc70f4e8,0x00000000dcf00000)
}
Event: 125,351 GC heap before
{Heap before GC invocations=49 (full 3):
 PSYoungGen      total 116736K, used 116733K [0x00000000f5500000, 0x0000000100000000, 0x0000000100000000)
  eden space 58368K, 100% used [0x00000000f5500000,0x00000000f8e00000,0x00000000f8e00000)
  from space 58368K, 99% used [0x00000000f8e00000,0x00000000fc6ff788,0x00000000fc700000)
  to   space 58368K, 0% used [0x00000000fc700000,0x00000000fc700000,0x0000000100000000)
 ParOldGen       total 216576K, used 158777K [0x00000000e0000000, 0x00000000ed380000, 0x00000000f5500000)
  object space 216576K, 73% used [0x00000000e0000000,0x00000000e9b0e5f8,0x00000000ed380000)
 PSPermGen       total 33792K, used 25803K [0x00000000dae00000, 0x00000000dcf00000, 0x00000000e0000000)
  object space 33792K, 76% used [0x00000000dae00000,0x00000000dc732ce0,0x00000000dcf00000)
Event: 125,440 GC heap after
Heap after GC invocations=49 (full 3):
 PSYoungGen      total 116736K, used 58348K [0x00000000f5500000, 0x0000000100000000, 0x0000000100000000)
  eden space 58368K, 0% used [0x00000000f5500000,0x00000000f5500000,0x00000000f8e00000)
  from space 58368K, 99% used [0x00000000fc700000,0x00000000ffffb118,0x0000000100000000)
  to   space 58368K, 0% used [0x00000000f8e00000,0x00000000f8e00000,0x00000000fc700000)
 ParOldGen       total 216576K, used 173757K [0x00000000e0000000, 0x00000000ed380000, 0x00000000f5500000)
  object space 216576K, 80% used [0x00000000e0000000,0x00000000ea9af460,0x00000000ed380000)
 PSPermGen       total 33792K, used 25803K [0x00000000dae00000, 0x00000000dcf00000, 0x00000000e0000000)
  object space 33792K, 76% used [0x00000000dae00000,0x00000000dc732ce0,0x00000000dcf00000)
}
Event: 125,689 GC heap before
{Heap before GC invocations=50 (full 3):
 PSYoungGen      total 116736K, used 116716K [0x00000000f5500000, 0x0000000100000000, 0x0000000100000000)
  eden space 58368K, 100% used [0x00000000f5500000,0x00000000f8e00000,0x00000000f8e00000)
  from space 58368K, 99% used [0x00000000fc700000,0x00000000ffffb118,0x0000000100000000)
  to   space 58368K, 0% used [0x00000000f8e00000,0x00000000f8e00000,0x00000000fc700000)
 ParOldGen       total 216576K, used 173757K [0x00000000e0000000, 0x00000000ed380000, 0x00000000f5500000)
  object space 216576K, 80% used [0x00000000e0000000,0x00000000ea9af460,0x00000000ed380000)
 PSPermGen       total 33792K, used 25809K [0x00000000dae00000, 0x00000000dcf00000, 0x00000000e0000000)
  object space 33792K, 76% used [0x00000000dae00000,0x00000000dc7345e0,0x00000000dcf00000)
Event: 126,548 GC heap after
Heap after GC invocations=50 (full 3):
 PSYoungGen      total 116736K, used 58357K [0x00000000f5500000, 0x0000000100000000, 0x0000000100000000)
  eden space 58368K, 0% used [0x00000000f5500000,0x00000000f5500000,0x00000000f8e00000)
  from space 58368K, 99% used [0x00000000f8e00000,0x00000000fc6fd430,0x00000000fc700000)
  to   space 58368K, 0% used [0x00000000fc700000,0x00000000fc700000,0x0000000100000000)
 ParOldGen       total 216576K, used 207396K [0x00000000e0000000, 0x00000000ed380000, 0x00000000f5500000)
  object space 216576K, 95% used [0x00000000e0000000,0x00000000eca89168,0x00000000ed380000)
 PSPermGen       total 33792K, used 25809K [0x00000000dae00000, 0x00000000dcf00000, 0x00000000e0000000)
  object space 33792K, 76% used [0x00000000dae00000,0x00000000dc7345e0,0x00000000dcf00000)
}
Event: 126,548 GC heap before
{Heap before GC invocations=51 (full 4):
 PSYoungGen      total 116736K, used 58357K [0x00000000f5500000, 0x0000000100000000, 0x0000000100000000)
  eden space 58368K, 0% used [0x00000000f5500000,0x00000000f5500000,0x00000000f8e00000)
  from space 58368K, 99% used [0x00000000f8e00000,0x00000000fc6fd430,0x00000000fc700000)
  to   space 58368K, 0% used [0x00000000fc700000,0x00000000fc700000,0x0000000100000000)
 ParOldGen       total 216576K, used 207396K [0x00000000e0000000, 0x00000000ed380000, 0x00000000f5500000)
  object space 216576K, 95% used [0x00000000e0000000,0x00000000eca89168,0x00000000ed380000)
 PSPermGen       total 33792K, used 25809K [0x00000000dae00000, 0x00000000dcf00000, 0x00000000e0000000)
  object space 33792K, 76% used [0x00000000dae00000,0x00000000dc7345e0,0x00000000dcf00000)

